Threads: 32
Output Path: test
Config File: config.txt
All required software are installed.
***********input argvs*************
Phasing: 1
Reference FASTA: /data/chm13/T2Tassembly/chm13v2.0.merge.fa
Current assembly: /data/wenhuaming/data/HG002/assembly/HG002.fa
/data/wenhuaming/data/HG002/assembly/HG002.pat.chr.fa
/data/wenhuaming/data/HG002/assembly/HG002.mat.chr.fa
HiFi Reads: /data/HG002/hifi/high/m64015_190922_010918.Q20.fastq
HiC Reads: /data/HG002/hic/high/HG002.HiC_2_NovaSeq_rep1_run2_S1_L001_R1_001.fasta
HiC Reads: /data/HG002/hic/high/HG002.HiC_2_NovaSeq_rep1_run2_S1_L001_R2_001.fasta
Chrs: chr13
Starts: 15511991 10096873 15035508 11002840 12317333
Ends: 17561453 12679517 17652018 11303875 16654016
Mat Starts: 10000000
Mat Ends: 12000000
Pat Starts: 14028568
Pat Ends: 15471497
usage: meryl ...

  A meryl command line is formed as a series of commands and files, possibly
  grouped using square brackets.  Each command operates on the file(s) that
  are listed after it.

  COMMANDS:

    print                display kmers on the screen as 'kmer<tab>count'.  accepts exactly one input.

    count                Count the occurrences of canonical kmers in the input.  must have 'output' specified.
    count-forward        Count the occurrences of forward kmers in the input.  must have 'output' specified.
    count-reverse        Count the occurrences of reverse kmers in the input.  must have 'output' specified.
      k=<K>              create mers of size K bases (mandatory).
      n=<N>              expect N mers in the input (optional; for precise memory sizing).
      memory=M           use no more than (about) M GB memory.
      threads=T          use no more than T threads.

    less-than N          return kmers that occur fewer than N times in the input.  accepts exactly one input.
    greater-than N       return kmers that occur more than N times in the input.  accepts exactly one input.
    equal-to N           return kmers that occur exactly N times in the input.  accepts exactly one input.
    not-equal-to N       return kmers that do not occur exactly N times in the input.  accepts exactly one input.

    increase X           add X to the count of each kmer.
    decrease X           subtract X from the count of each kmer.
    multiply X           multiply the count of each kmer by X.
    divide X             divide the count of each kmer by X.
    modulo X             set the count of each kmer to the remainder of the count divided by X.

    union                return kmers that occur in any input, set the count to the number of inputs with this kmer.
    union-min            return kmers that occur in any input, set the count to the minimum count
    union-max            return kmers that occur in any input, set the count to the maximum count
    union-sum            return kmers that occur in any input, set the count to the sum of the counts

    intersect            return kmers that occur in all inputs, set the count to the count in the first input.
    intersect-min        return kmers that occur in all inputs, set the count to the minimum count.
    intersect-max        return kmers that occur in all inputs, set the count to the maximum count.
    intersect-sum        return kmers that occur in all inputs, set the count to the sum of the counts.

    difference           return kmers that occur in the first input, but none of the other inputs
    symmetric-difference return kmers that occur in exactly one input

  MODIFIERS:

    output O             write kmers generated by the present command to an output  meryl database O
                         mandatory for count operations.

  EXAMPLES:

  Example:  Report 22-mers present in at least one of input1.fasta and input2.fasta.
            Kmers from each input are saved in meryl databases 'input1' and 'input2',
            but the kmers in the union are only reported to the screen.

            meryl print \
                    union \
                      [count k=22 input1.fasta output input1] \
                      [count k=22 input2.fasta output input2]

  Example:  Find the highest count of each kmer present in both files, save the kmers to
            database 'maxCount'.

            meryl intersect-max input1 input2 output maxCount

  Example:  Find unique kmers common to both files.  Brackets are necessary
            on the first 'equal-to' command to prevent the second 'equal-to' from
            being used as an input to the first 'equal-to'.

            meryl intersect [equal-to 1 input1] equal-to 1 input2

Can't interpret '/data/chm13/T2Tassembly/chm13v2.0.merge.fa': not a meryl command, option, or recognized input file.
Threads: 32
Output Path: result
Config File: config.txt
All required software are installed.
***********input argvs*************
Phasing: 1
Reference FASTA: /data/wenhuaming//data/chm13/T2Tassembly/chm13v2.0.merge.fa
Current assembly: /data/wenhuaming/data/HG002/assembly/HG002.fa
/data/wenhuaming//data/wenhuaming/data/HG002/assembly/HG002.pat.chr.fa
/data/wenhuaming//data/wenhuaming/data/HG002/assembly/HG002.mat.chr.fa
HiFi Reads: /data/wenhuaming//data/HG002/hifi/high/m64015_190922_010918.Q20.fastq
HiC Reads: /data/wenhuaming//data/HG002/hic/high/HG002.HiC_2_NovaSeq_rep1_run2_S1_L001_R1_001.fasta
HiC Reads: /data/wenhuaming//data/HG002/hic/high/HG002.HiC_2_NovaSeq_rep1_run2_S1_L001_R2_001.fasta
Chrs: chr13
Starts: 15511991
Ends: 17561453
Mat Starts: 10000000
Mat Ends: 12000000
Pat Starts: 14028568
Pat Ends: 15471497

Found 1 command tree.

Counting 2972 (estimated) million canonical 15-mers from 1 input file:
    sequence-file: /data/wenhuaming//data/chm13/T2Tassembly/chm13v2.0.merge.fa


SIMPLE MODE
-----------

  15-mers
    -> 1073741824 entries for counts up to 65535.
    -> 16 Gbits memory used

  3117293566 input bases
    -> expected max count of 12469174, needing 9 extra bits.
    -> 9216 Mbits memory used

  3200 MB memory needed


COMPLEX MODE
------------

prefix     # of   struct   kmers/    segs/      min     data    total
  bits   prefix   memory   prefix   prefix   memory   memory   memory
------  -------  -------  -------  -------  -------  -------  -------
     1     2  P  1353 kB  1486 MM    84 kS   128 kB    10 GB    10 GB
     2     4  P  1313 kB   743 MM    40 kS   256 kB    10 GB    10 GB
     3     8  P  1279 kB   371 MM    19 kS   512 kB     9 GB     9 GB
     4    16  P  1258 kB   185 MM  9663  S  1024 kB  9663 MB  9664 MB
     5    32  P  1262 kB    92 MM  4646  S  2048 kB  9292 MB  9293 MB
     6    64  P  1317 kB    46 MM  2230  S  4096 kB  8920 MB  8921 MB
     7   128  P  1473 kB    23 MM  1069  S  8192 kB  8552 MB  8553 MB
     8   256  P  1830 kB    11 MM   511  S    16 MB  8176 MB  8177 MB
     9   512  P  2592 kB  5945 kM   244  S    32 MB  7808 MB  7810 MB
    10  1024  P  4168 kB  2972 kM   117  S    64 MB  7488 MB  7492 MB
    11  2048  P  7360 kB  1486 kM    56  S   128 MB  7168 MB  7175 MB
    12  4096  P    13 MB   743 kM    27  S   256 MB  6912 MB  6925 MB
    13  8192  P    26 MB   371 kM    13  S   512 MB  6656 MB  6682 MB
    14    16 kP    51 MB   185 kM     6  S  1024 MB  6144 MB  6195 MB  Best Value!
    15    32 kP   101 MB    92 kM     3  S  2048 MB  6144 MB  6245 MB
    16    64 kP   203 MB    46 kM     2  S  4096 MB  8192 MB  8395 MB
    17   128 kP   405 MB    23 kM     1  S  8192 MB  8192 MB  8597 MB
    18   256 kP   810 MB    11 kM     1  S    16 GB    16 GB    16 GB
    19   512 kP  1620 MB  5946  M     1  S    32 GB    32 GB    33 GB
    20  1024 kP  3240 MB  2973  M     1  S    64 GB    64 GB    67 GB
    21  2048 kP  6480 MB  1487  M     1  S   128 GB   128 GB   134 GB


FINAL CONFIGURATION
-------------------

Configured simple mode for 3.125 GB memory per batch, and up to 1 batch.

Start counting with SIMPLE method.
Loading kmers from '/data/wenhuaming//data/chm13/T2Tassembly/chm13v2.0.merge.fa' into buckets.
Increasing to 17-bit storage (for kmer 0x0000000000000000).
Increasing to 18-bit storage (for kmer 0x0000000000000000).
Increasing to 19-bit storage (for kmer 0x0000000000000000).
Increasing to 20-bit storage (for kmer 0x0000000000000000).
Increasing to 21-bit storage (for kmer 0x0000000000000000).
Increasing to 22-bit storage (for kmer 0x0000000000000000).

Writing results to 'reference2hifi.meryl.k15', using 255 threads.
             [ file ][  prefix ][  suffix ][ count-suffix ]
   widths    [    6 ][       4 ][      20 ][            0 ]
   number    [   64 ][      16 ][ 1048576 ][              ]

finishIteration()--

Cleaning up.

Bye.

Found 1 command tree.

PROCESSING TREE #1 using 1 thread.
  opGreaterThan
    threshold=1473
    fraction-distinct=0.999800
    reference2hifi.meryl.k15
    print to (stdout)

Cleaning up.

Bye.
[M::mm_idx_gen::0.000*28.64] reading downweighted kmers
[M::mm_idx_gen::0.049*0.86] collected downweighted kmers, no. of kmers read=66872
[M::mm_idx_gen::0.049*0.86] saved the kmers in a bloom filter: hash functions=2 and size=961464 
[M::mm_idx_gen::169.950*1.08] collected minimizers
[M::mm_idx_gen::183.470*1.11] sorted minimizers
[M::main::183.471*1.11] loaded/built the index for 25 target sequence(s)
[M::main::183.471*1.11] running winnowmap in SV-aware mode
[M::main::183.471*1.11] stage1-specific parameters minP:1000, incP:1.99, maxP:8000, sample:1000, min-qlen:10000, min-qcov:0.5, min-mapq:5, mid-occ:5000
[M::main::183.471*1.11] stage2-specific parameters s2_bw:1000, s2_zdropinv:25
[M::mm_idx_stat] kmer size: 15; skip: 50; is_hpc: 0; #seq: 25
[M::mm_idx_stat::183.806*1.11] distinct minimizers: 23616987 (41.30% are singletons); average occurrences: 5.279; average spacing: 25.003
[M::worker_pipeline::361.048*36.38] mapped 77760 sequences
[M::worker_pipeline::506.401*52.36] mapped 77766 sequences
[M::worker_pipeline::683.560*58.60] mapped 77843 sequences
[M::worker_pipeline::844.267*62.63] mapped 77719 sequences
[M::worker_pipeline::1010.379*64.80] mapped 77785 sequences
[M::worker_pipeline::1189.828*65.95] mapped 77820 sequences
[M::worker_pipeline::1338.955*68.81] mapped 77759 sequences
[M::worker_pipeline::1506.547*69.68] mapped 77766 sequences
[M::worker_pipeline::1675.118*70.30] mapped 77824 sequences
[M::worker_pipeline::1850.775*70.56] mapped 77780 sequences
[M::worker_pipeline::1990.055*72.24] mapped 77825 sequences
[M::worker_pipeline::2145.938*72.95] mapped 77940 sequences
[M::worker_pipeline::2296.682*74.07] mapped 77889 sequences
[M::worker_pipeline::2464.543*74.27] mapped 77957 sequences
[M::worker_pipeline::2614.196*74.83] mapped 77837 sequences
[M::worker_pipeline::2732.344*76.29] mapped 77793 sequences
[M::worker_pipeline::2838.235*77.97] mapped 77822 sequences
[M::worker_pipeline::2961.267*79.17] mapped 77807 sequences
[M::worker_pipeline::3082.266*80.29] mapped 77790 sequences
[M::worker_pipeline::3199.490*81.50] mapped 77822 sequences
[M::worker_pipeline::3313.873*82.64] mapped 77817 sequences
[M::worker_pipeline::3426.714*83.69] mapped 77865 sequences
[M::worker_pipeline::3544.064*84.59] mapped 77955 sequences
[M::worker_pipeline::3655.917*85.55] mapped 77807 sequences
[M::worker_pipeline::3765.568*86.49] mapped 77787 sequences
[M::worker_pipeline::3872.866*87.34] mapped 77834 sequences
[M::worker_pipeline::3972.014*88.31] mapped 77804 sequences
[M::worker_pipeline::3998.764*88.44] mapped 18485 sequences
[M::main] Version: 2.03, pthreads=64, omp_threads=3
[M::main] CMD: winnowmap -t 64 -W ref.repetitive.k15.txt -x map-pb -o hifi2ref.paf /data/wenhuaming//data/chm13/T2Tassembly/chm13v2.0.merge.fa /data/wenhuaming//data/HG002/hifi/high/m64015_190922_010918.Q20.fastq
[M::main] Real time: 3999.078 sec; CPU: 353665.280 sec; Peak RSS: 16.714 GB
chr13
hifiasm first
[M::ha_analyze_count] lowest: count[7] = 9194
[M::ha_analyze_count] highest: count[8] = 11959
[M::ha_hist_line]     2: ****************************************************************************************************> 27841
[M::ha_hist_line]     3: ****************************************************************************************************> 24422
[M::ha_hist_line]     4: ****************************************************************************************************> 17798
[M::ha_hist_line]     5: ************************************************************************************************ 11445
[M::ha_hist_line]     6: ****************************************************************************************** 10722
[M::ha_hist_line]     7: ***************************************************************************** 9194
[M::ha_hist_line]     8: **************************************************************************************************** 11959
[M::ha_hist_line]     9: ************************************************************************ 8627
[M::ha_hist_line]    10: **************************************** 4777
[M::ha_hist_line]    11: *************************************** 4607
[M::ha_hist_line]    12: **************************** 3338
[M::ha_hist_line]    13: ****************************** 3549
[M::ha_hist_line]    14: ********************** 2578
[M::ha_hist_line]    15: ********* 1077
[M::ha_hist_line]    16: ******* 858
[M::ha_hist_line]    17: ****** 744
[M::ha_hist_line]    18: **** 521
[M::ha_hist_line]    19: ***** 559
[M::ha_hist_line]    20: ***** 569
[M::ha_hist_line]    21: ****** 750
[M::ha_hist_line]    22: ****** 766
[M::ha_hist_line]    23: ******* 829
[M::ha_hist_line]    24: **** 427
[M::ha_hist_line]    25: *** 370
[M::ha_hist_line]    26: *** 415
[M::ha_hist_line]    27: **** 442
[M::ha_hist_line]    28: ** 281
[M::ha_hist_line]    29: ** 280
[M::ha_hist_line]    30: ** 256
[M::ha_hist_line]    31: ** 271
[M::ha_hist_line]    32: ** 231
[M::ha_hist_line]    33: ** 230
[M::ha_hist_line]    34: * 179
[M::ha_hist_line]    35: ** 298
[M::ha_hist_line]    36: * 170
[M::ha_hist_line]    37: ** 197
[M::ha_hist_line]    38: * 153
[M::ha_hist_line]    39: ** 227
[M::ha_hist_line]    40: ** 208
[M::ha_hist_line]    41: * 149
[M::ha_hist_line]    42: ** 182
[M::ha_hist_line]    43: * 151
[M::ha_hist_line]    44: ** 196
[M::ha_hist_line]    45: * 159
[M::ha_hist_line]    46: * 86
[M::ha_hist_line]    47: * 93
[M::ha_hist_line]    48: ** 198
[M::ha_hist_line]    49: * 147
[M::ha_hist_line]    50: * 84
[M::ha_hist_line]    51: * 114
[M::ha_hist_line]    52: * 101
[M::ha_hist_line]    53: * 144
[M::ha_hist_line]    54: * 123
[M::ha_hist_line]    55: * 71
[M::ha_hist_line]    56: * 82
[M::ha_hist_line]  rest: ***************************************************************** 7719
[M::ha_analyze_count] left: none
[M::ha_analyze_count] right: count[13] = 3549
[M::ha_ft_gen] peak_hom: 13; peak_het: 8
[M::ha_ct_shrink::9.633*1.04] ==> counted 7112 distinct minimizer k-mers
[M::ha_ft_gen::9.637*1.04@16.119GB] ==> filtered out 7112 k-mers occurring 65 or more times
[M::ha_opt_update_cov] updated max_n_chain to 100
[M::yak_count] collected 156027 minimizers
[M::ha_pt_gen::9.741*1.12] ==> counted 24754 distinct minimizer k-mers
[M::ha_pt_gen] count[4095] = 0 (for sanity check)
[M::ha_analyze_count] lowest: count[7] = 777
[M::ha_analyze_count] highest: count[8] = 784
[M::ha_hist_line]     1: ****************************************************************************************************> 10551
[M::ha_hist_line]     2: ****************************************************************************************************> 2697
[M::ha_hist_line]     3: ****************************************************************************************************> 2030
[M::ha_hist_line]     4: ****************************************************************************************************> 1655
[M::ha_hist_line]     5: ****************************************************************************************************> 1153
[M::ha_hist_line]     6: ****************************************************************************************************> 942
[M::ha_hist_line]     7: *************************************************************************************************** 777
[M::ha_hist_line]     8: **************************************************************************************************** 784
[M::ha_hist_line]     9: *********************************************************************** 558
[M::ha_hist_line]    10: **************************************************** 409
[M::ha_hist_line]    11: ******************************************* 334
[M::ha_hist_line]    12: ************************************* 292
[M::ha_hist_line]    13: ****************************** 234
[M::ha_hist_line]    14: **************************** 217
[M::ha_hist_line]    15: ************ 92
[M::ha_hist_line]    16: *************** 120
[M::ha_hist_line]    17: ************ 95
[M::ha_hist_line]    18: ************* 104
[M::ha_hist_line]    19: ************ 95
[M::ha_hist_line]    20: ************** 106
[M::ha_hist_line]    21: *********** 89
[M::ha_hist_line]    22: ************* 100
[M::ha_hist_line]    23: ************ 97
[M::ha_hist_line]    24: ****** 44
[M::ha_hist_line]    25: ******** 64
[M::ha_hist_line]    26: ******** 59
[M::ha_hist_line]    27: ******* 55
[M::ha_hist_line]    28: **** 33
[M::ha_hist_line]    29: ***** 39
[M::ha_hist_line]    30: ***** 36
[M::ha_hist_line]    31: ******* 56
[M::ha_hist_line]    32: **** 35
[M::ha_hist_line]    33: **** 31
[M::ha_hist_line]    34: **** 35
[M::ha_hist_line]    35: **** 34
[M::ha_hist_line]    36: *** 27
[M::ha_hist_line]    37: ***** 42
[M::ha_hist_line]    38: **** 29
[M::ha_hist_line]    39: **** 30
[M::ha_hist_line]    40: **** 29
[M::ha_hist_line]    41: ***** 38
[M::ha_hist_line]    42: *** 21
[M::ha_hist_line]    43: *** 22
[M::ha_hist_line]    44: **** 30
[M::ha_hist_line]    45: ** 13
[M::ha_hist_line]    46: *** 22
[M::ha_hist_line]    47: ** 16
[M::ha_hist_line]    48: ** 17
[M::ha_hist_line]    49: *** 22
[M::ha_hist_line]    50: ** 12
[M::ha_hist_line]    51: ** 17
[M::ha_hist_line]    52: *** 21
[M::ha_hist_line]    53: ** 13
[M::ha_hist_line]    54: ** 12
[M::ha_hist_line]    55: * 8
[M::ha_hist_line]    56: * 10
[M::ha_hist_line]    57: *** 24
[M::ha_hist_line]    58: * 7
[M::ha_hist_line]    59: * 5
[M::ha_hist_line]    60: * 7
[M::ha_hist_line]    61: ** 18
[M::ha_hist_line]    62: * 9
[M::ha_hist_line]    63: ** 14
[M::ha_hist_line]    64: ** 13
[M::ha_hist_line]    65: * 4
[M::ha_hist_line]    66: * 8
[M::ha_hist_line]  rest: ****************** 142
[M::ha_analyze_count] left: none
[M::ha_analyze_count] right: count[16] = 120
[M::ha_pt_gen] peak_hom: 16; peak_het: 8
[M::ha_ct_shrink::9.773*1.12] ==> counted 14203 distinct minimizer k-mers
[M::ha_pt_gen::] counting in normal mode
[M::yak_count] collected 156027 minimizers
[M::ha_pt_gen::9.854*1.20] ==> indexed 145476 positions, counted 14203 distinct minimizer k-mers
[M::ha_assemble::10.778*3.26@16.119GB] ==> corrected reads for round 1
[M::ha_assemble] # bases: 11256026; # corrected bases: 11613; # recorrected bases: 21
[M::ha_assemble] size of buffer: 0.631GB
[M::yak_count] collected 151770 minimizers
[M::ha_pt_gen::10.987*3.28] ==> counted 20416 distinct minimizer k-mers
[M::ha_pt_gen] count[4095] = 0 (for sanity check)
[M::ha_analyze_count] lowest: count[7] = 698
[M::ha_analyze_count] highest: count[8] = 785
[M::ha_hist_line]     1: ****************************************************************************************************> 6955
[M::ha_hist_line]     2: ****************************************************************************************************> 2209
[M::ha_hist_line]     3: ****************************************************************************************************> 1948
[M::ha_hist_line]     4: ****************************************************************************************************> 1542
[M::ha_hist_line]     5: ****************************************************************************************************> 1126
[M::ha_hist_line]     6: ****************************************************************************************************> 906
[M::ha_hist_line]     7: ***************************************************************************************** 698
[M::ha_hist_line]     8: **************************************************************************************************** 785
[M::ha_hist_line]     9: ********************************************************************* 539
[M::ha_hist_line]    10: **************************************************** 405
[M::ha_hist_line]    11: ********************************************* 354
[M::ha_hist_line]    12: *********************************** 274
[M::ha_hist_line]    13: ******************************** 255
[M::ha_hist_line]    14: ************************* 196
[M::ha_hist_line]    15: ************** 107
[M::ha_hist_line]    16: *************** 116
[M::ha_hist_line]    17: ************** 108
[M::ha_hist_line]    18: *********** 88
[M::ha_hist_line]    19: ********** 81
[M::ha_hist_line]    20: ************ 91
[M::ha_hist_line]    21: ************ 93
[M::ha_hist_line]    22: *************** 114
[M::ha_hist_line]    23: ********* 71
[M::ha_hist_line]    24: ********* 69
[M::ha_hist_line]    25: ******** 63
[M::ha_hist_line]    26: ****** 46
[M::ha_hist_line]    27: ******* 52
[M::ha_hist_line]    28: ******** 60
[M::ha_hist_line]    29: ***** 43
[M::ha_hist_line]    30: ********* 71
[M::ha_hist_line]    31: ****** 48
[M::ha_hist_line]    32: ***** 37
[M::ha_hist_line]    33: ****** 48
[M::ha_hist_line]    34: **** 33
[M::ha_hist_line]    35: ****** 44
[M::ha_hist_line]    36: **** 30
[M::ha_hist_line]    37: ***** 39
[M::ha_hist_line]    38: *** 25
[M::ha_hist_line]    39: *** 20
[M::ha_hist_line]    40: ****** 49
[M::ha_hist_line]    41: *** 24
[M::ha_hist_line]    42: **** 35
[M::ha_hist_line]    43: *** 27
[M::ha_hist_line]    44: ** 18
[M::ha_hist_line]    45: *** 22
[M::ha_hist_line]    46: *** 22
[M::ha_hist_line]    47: * 10
[M::ha_hist_line]    48: * 10
[M::ha_hist_line]    49: **** 28
[M::ha_hist_line]    50: ** 15
[M::ha_hist_line]    51: *** 23
[M::ha_hist_line]    52: ** 16
[M::ha_hist_line]    53: ** 16
[M::ha_hist_line]    54: ** 13
[M::ha_hist_line]    55: *** 20
[M::ha_hist_line]    56: ** 15
[M::ha_hist_line]    57: * 10
[M::ha_hist_line]    58: * 11
[M::ha_hist_line]    59: * 9
[M::ha_hist_line]    60: * 9
[M::ha_hist_line]    61: * 10
[M::ha_hist_line]    62: * 4
[M::ha_hist_line]    63: ** 13
[M::ha_hist_line]    64: ** 19
[M::ha_hist_line]  rest: *********************** 179
[M::ha_analyze_count] left: none
[M::ha_analyze_count] right: count[16] = 116
[M::ha_pt_gen] peak_hom: 16; peak_het: 8
[M::ha_ct_shrink::11.017*3.28] ==> counted 13461 distinct minimizer k-mers
[M::ha_pt_gen::] counting in normal mode
[M::yak_count] collected 151770 minimizers
[M::ha_pt_gen::11.085*3.34] ==> indexed 144815 positions, counted 13461 distinct minimizer k-mers
[M::ha_assemble::11.528*4.87@16.119GB] ==> corrected reads for round 2
[M::ha_assemble] # bases: 11251239; # corrected bases: 747; # recorrected bases: 5
[M::ha_assemble] size of buffer: 0.623GB
[M::yak_count] collected 150059 minimizers
[M::ha_pt_gen::11.617*4.92] ==> counted 20043 distinct minimizer k-mers
[M::ha_pt_gen] count[4095] = 0 (for sanity check)
[M::ha_analyze_count] lowest: count[7] = 721
[M::ha_analyze_count] highest: count[8] = 763
[M::ha_hist_line]     1: ****************************************************************************************************> 6694
[M::ha_hist_line]     2: ****************************************************************************************************> 2195
[M::ha_hist_line]     3: ****************************************************************************************************> 1955
[M::ha_hist_line]     4: ****************************************************************************************************> 1526
[M::ha_hist_line]     5: ****************************************************************************************************> 1104
[M::ha_hist_line]     6: ****************************************************************************************************> 949
[M::ha_hist_line]     7: ********************************************************************************************** 721
[M::ha_hist_line]     8: **************************************************************************************************** 763
[M::ha_hist_line]     9: ********************************************************************* 530
[M::ha_hist_line]    10: ***************************************************** 406
[M::ha_hist_line]    11: ********************************************** 354
[M::ha_hist_line]    12: *********************************** 269
[M::ha_hist_line]    13: ********************************* 255
[M::ha_hist_line]    14: ************************ 185
[M::ha_hist_line]    15: *************** 112
[M::ha_hist_line]    16: *************** 116
[M::ha_hist_line]    17: ************** 110
[M::ha_hist_line]    18: ************ 95
[M::ha_hist_line]    19: ************ 94
[M::ha_hist_line]    20: *********** 87
[M::ha_hist_line]    21: ************ 95
[M::ha_hist_line]    22: *************** 111
[M::ha_hist_line]    23: ********* 72
[M::ha_hist_line]    24: ******** 62
[M::ha_hist_line]    25: ********* 69
[M::ha_hist_line]    26: ****** 43
[M::ha_hist_line]    27: ******* 53
[M::ha_hist_line]    28: ****** 48
[M::ha_hist_line]    29: *** 26
[M::ha_hist_line]    30: ****** 48
[M::ha_hist_line]    31: ****** 42
[M::ha_hist_line]    32: **** 31
[M::ha_hist_line]    33: ***** 37
[M::ha_hist_line]    34: ***** 41
[M::ha_hist_line]    35: ***** 38
[M::ha_hist_line]    36: ***** 35
[M::ha_hist_line]    37: ***** 35
[M::ha_hist_line]    38: *** 25
[M::ha_hist_line]    39: *** 24
[M::ha_hist_line]    40: ***** 39
[M::ha_hist_line]    41: **** 33
[M::ha_hist_line]    42: *** 26
[M::ha_hist_line]    43: **** 27
[M::ha_hist_line]    44: ** 18
[M::ha_hist_line]    45: ** 17
[M::ha_hist_line]    46: *** 22
[M::ha_hist_line]    47: ** 14
[M::ha_hist_line]    48: * 10
[M::ha_hist_line]    49: **** 29
[M::ha_hist_line]    50: ** 15
[M::ha_hist_line]    51: ** 15
[M::ha_hist_line]    52: ** 17
[M::ha_hist_line]    53: ** 15
[M::ha_hist_line]    54: ** 17
[M::ha_hist_line]    55: * 9
[M::ha_hist_line]    56: ** 14
[M::ha_hist_line]    57: ** 14
[M::ha_hist_line]    58: * 8
[M::ha_hist_line]    59: * 11
[M::ha_hist_line]    60: * 6
[M::ha_hist_line]    61: ** 14
[M::ha_hist_line]    62: * 11
[M::ha_hist_line]    63: * 6
[M::ha_hist_line]    64: *** 20
[M::ha_hist_line]    65: * 7
[M::ha_hist_line]    66: * 7
[M::ha_hist_line]    67: * 5
[M::ha_hist_line]  rest: ******************* 142
[M::ha_analyze_count] left: none
[M::ha_analyze_count] right: none
[M::ha_pt_gen] peak_hom: 8; peak_het: -1
[M::ha_ct_shrink::11.644*4.91] ==> counted 13349 distinct minimizer k-mers
[M::ha_pt_gen::] counting in normal mode
[M::yak_count] collected 150059 minimizers
[M::ha_pt_gen::11.721*4.95] ==> indexed 143365 positions, counted 13349 distinct minimizer k-mers
[M::ha_assemble::12.165*6.36@16.119GB] ==> corrected reads for round 3
[M::ha_assemble] # bases: 11251039; # corrected bases: 438; # recorrected bases: 0
[M::ha_assemble] size of buffer: 0.638GB
[M::yak_count] collected 149891 minimizers
[M::ha_pt_gen::12.270*6.38] ==> counted 19887 distinct minimizer k-mers
[M::ha_pt_gen] count[4095] = 0 (for sanity check)
[M::ha_analyze_count] lowest: count[7] = 723
[M::ha_analyze_count] highest: count[8] = 768
[M::ha_hist_line]     1: ****************************************************************************************************> 6574
[M::ha_hist_line]     2: ****************************************************************************************************> 2182
[M::ha_hist_line]     3: ****************************************************************************************************> 1961
[M::ha_hist_line]     4: ****************************************************************************************************> 1511
[M::ha_hist_line]     5: ****************************************************************************************************> 1100
[M::ha_hist_line]     6: ****************************************************************************************************> 935
[M::ha_hist_line]     7: ********************************************************************************************** 723
[M::ha_hist_line]     8: **************************************************************************************************** 768
[M::ha_hist_line]     9: ****************************************************************** 509
[M::ha_hist_line]    10: ******************************************************** 428
[M::ha_hist_line]    11: ********************************************** 350
[M::ha_hist_line]    12: *********************************** 267
[M::ha_hist_line]    13: ********************************** 259
[M::ha_hist_line]    14: ************************ 181
[M::ha_hist_line]    15: *************** 112
[M::ha_hist_line]    16: *************** 117
[M::ha_hist_line]    17: ************** 108
[M::ha_hist_line]    18: ************ 96
[M::ha_hist_line]    19: ************* 98
[M::ha_hist_line]    20: ********* 72
[M::ha_hist_line]    21: ************ 96
[M::ha_hist_line]    22: ************** 106
[M::ha_hist_line]    23: ********* 72
[M::ha_hist_line]    24: ********* 71
[M::ha_hist_line]    25: ********** 77
[M::ha_hist_line]    26: ****** 43
[M::ha_hist_line]    27: ******* 52
[M::ha_hist_line]    28: ****** 49
[M::ha_hist_line]    29: *** 25
[M::ha_hist_line]    30: ******* 50
[M::ha_hist_line]    31: ***** 38
[M::ha_hist_line]    32: **** 32
[M::ha_hist_line]    33: ***** 40
[M::ha_hist_line]    34: ***** 39
[M::ha_hist_line]    35: ***** 40
[M::ha_hist_line]    36: ***** 41
[M::ha_hist_line]    37: **** 27
[M::ha_hist_line]    38: *** 25
[M::ha_hist_line]    39: *** 25
[M::ha_hist_line]    40: ***** 38
[M::ha_hist_line]    41: ***** 36
[M::ha_hist_line]    42: *** 25
[M::ha_hist_line]    43: *** 20
[M::ha_hist_line]    44: *** 24
[M::ha_hist_line]    45: ** 15
[M::ha_hist_line]    46: *** 20
[M::ha_hist_line]    47: ** 15
[M::ha_hist_line]    48: ** 14
[M::ha_hist_line]    49: **** 29
[M::ha_hist_line]    50: ** 16
[M::ha_hist_line]    51: ** 14
[M::ha_hist_line]    52: ** 16
[M::ha_hist_line]    53: ** 16
[M::ha_hist_line]    54: ** 17
[M::ha_hist_line]    55: * 8
[M::ha_hist_line]    56: ** 14
[M::ha_hist_line]    57: ** 18
[M::ha_hist_line]    58: * 5
[M::ha_hist_line]    59: * 9
[M::ha_hist_line]    60: * 6
[M::ha_hist_line]    61: ** 12
[M::ha_hist_line]    62: ** 12
[M::ha_hist_line]    63: * 8
[M::ha_hist_line]    64: *** 20
[M::ha_hist_line]    65: * 7
[M::ha_hist_line]    66: * 7
[M::ha_hist_line]    67: * 5
[M::ha_hist_line]  rest: ****************** 142
[M::ha_analyze_count] left: none
[M::ha_analyze_count] right: none
[M::ha_pt_gen] peak_hom: 8; peak_het: -1
[M::ha_ct_shrink::12.289*6.37] ==> counted 13313 distinct minimizer k-mers
[M::ha_pt_gen::] counting in normal mode
[M::yak_count] collected 149891 minimizers
[M::ha_pt_gen::12.355*6.41] ==> indexed 143317 positions, counted 13313 distinct minimizer k-mers
[M::ha_assemble::12.509*6.66@16.119GB] ==> found overlaps for the final round
[M::ha_print_ovlp_stat] # overlaps: 5864
[M::ha_print_ovlp_stat] # strong overlaps: 5406
[M::ha_print_ovlp_stat] # weak overlaps: 458
[M::ha_print_ovlp_stat] # exact overlaps: 4212
[M::ha_print_ovlp_stat] # inexact overlaps: 1652
[M::ha_print_ovlp_stat] # overlaps without large indels: 5856
[M::ha_print_ovlp_stat] # reverse overlaps: 29546
[M::ha_opt_update_cov_min] updated max_n_chain to 100
Writing reads to disk... 
Reads has been written.
Writing ma_hit_ts to disk... 
ma_hit_ts has been written.
Writing ma_hit_ts to disk... 
ma_hit_ts has been written.
bin files have been written.
[M::purge_dups] homozygous read coverage threshold: 8
[M::purge_dups] purge duplication coverage threshold: 10
[M::ug_ext_gfa::] # tips::14
Writing raw unitig GFA to disk... 
Writing processed unitig GFA to disk... 
[M::purge_dups] homozygous read coverage threshold: 8
[M::purge_dups] purge duplication coverage threshold: 10
[M::mc_solve:: # edges: 384]
[M::mc_solve_core_adv::0.015] ==> Partition
[M::adjust_utg_by_primary] primary contig coverage range: [6, infinity]
Writing chr13.bp.p_ctg.gfa to disk... 
[M::reduce_hamming_error_adv::0.000] # inserted edges: 0, # fixed bubbles: 0
[M::adjust_utg_by_trio] primary contig coverage range: [6, infinity]
[M::recall_arcs] # transitive arcs::0
[M::recall_arcs] # new arcs::12, # old arcs::8
[M::clean_trio_untig_graph] # adjusted arcs::0
[M::adjust_utg_by_trio] primary contig coverage range: [6, infinity]
[M::recall_arcs] # transitive arcs::0
[M::recall_arcs] # new arcs::18, # old arcs::14
[M::clean_trio_untig_graph] # adjusted arcs::0
[M::output_trio_graph_joint] dedup_base::103375, miss_base::0
Writing chr13.bp.hap1.p_ctg.gfa to disk... 
Writing chr13.bp.hap2.p_ctg.gfa to disk... 
Inconsistency threshold for low-quality regions in BED files: 70%
[M::main] Version: 0.19.8-r603
[M::main] CMD: hifiasm -t 64 -o chr13 ../statistic_combination/read_chr13_15511991_17561453_0.050000.fasta
[M::main] Real time: 12.719 sec; CPU: 83.714 sec; Peak RSS: 16.119 GB

Found 1 command tree.

Counting 2094 (estimated) thousand canonical 15-mers from 1 input file:
    sequence-file: chr13.bp.p_utg.fa


SIMPLE MODE
-----------

  15-mers
    -> 1073741824 entries for counts up to 65535.
    -> 16 Gbits memory used

  2144773 input bases
    -> expected max count of 8579, needing 0 extra bits.
    -> no memory used

  2048 MB memory needed


COMPLEX MODE
------------

prefix     # of   struct   kmers/    segs/      min     data    total
  bits   prefix   memory   prefix   prefix   memory   memory   memory
------  -------  -------  -------  -------  -------  -------  -------
     1     2  P  7424  B  1047 kM    60  S   128 kB  7680 kB  7687 kB
     2     4  P    13 kB   523 kM    29  S   256 kB  7424 kB  7437 kB
     3     8  P    26 kB   261 kM    14  S   512 kB  7168 kB  7194 kB
     4    16  P    51 kB   130 kM     7  S  1024 kB  7168 kB  7219 kB
     5    32  P   102 kB    65 kM     4  S  2048 kB  8192 kB  8294 kB
     6    64  P   203 kB    32 kM     2  S  4096 kB  8192 kB  8395 kB
     7   128  P   405 kB    16 kM     1  S  8192 kB  8192 kB  8597 kB
     8   256  P   810 kB  8379  M     1  S    16 MB    16 MB    16 MB
     9   512  P  1620 kB  4190  M     1  S    32 MB    32 MB    33 MB
    10  1024  P  3240 kB  2095  M     1  S    64 MB    64 MB    67 MB  Best Value!
    11  2048  P  6480 kB  1048  M     1  S   128 MB   128 MB   134 MB
    12  4096  P    12 MB   524  M     1  S   256 MB   256 MB   268 MB
    13  8192  P    25 MB   262  M     1  S   512 MB   512 MB   537 MB
    14    16 kP    50 MB   131  M     1  S  1024 MB  1024 MB  1074 MB
    15    32 kP   101 MB    66  M     1  S  2048 MB  2048 MB  2149 MB


FINAL CONFIGURATION
-------------------

Configured complex mode for 0.066 GB memory per batch, and up to 1 batch.

Start counting with THREADED method.
Used 0.287 GB out of 1007.700 GB to store      1048260 kmers.

Writing results to 'merylDB.utg.k15', using 255 threads.
finishIteration()--

Finished counting.

Cleaning up.

Bye.

Found 1 command tree.

PROCESSING TREE #1 using 1 thread.
  opGreaterThan
    threshold=3956
    fraction-distinct=0.999800
    merylDB.utg.k15
    print to (stdout)

Cleaning up.

Bye.
[M::mm_idx_gen::0.000*30.93] reading downweighted kmers
[M::mm_idx_gen::0.000*16.07] collected downweighted kmers, no. of kmers read=14
[M::mm_idx_gen::0.000*15.71] saved the kmers in a bloom filter: hash functions=2 and size=14384 
[M::mm_idx_gen::0.133*0.69] collected minimizers
[M::mm_idx_gen::0.148*0.94] sorted minimizers
[M::main::0.148*0.94] loaded/built the index for 49 target sequence(s)
[M::main::0.148*0.94] running winnowmap in SV-aware mode
[M::main::0.148*0.94] stage1-specific parameters minP:1000, incP:1.99, maxP:8000, sample:1000, min-qlen:10000, min-qcov:0.5, min-mapq:5, mid-occ:5000
[M::main::0.148*0.94] stage2-specific parameters s2_bw:1000, s2_zdropinv:25
[M::mm_idx_stat] kmer size: 15; skip: 50; is_hpc: 0; #seq: 49
[M::mm_idx_stat::0.149*0.94] distinct minimizers: 2943 (37.55% are singletons); average occurrences: 28.899; average spacing: 25.210
[M::worker_pipeline::49.064*136.39] mapped 871 sequences
[M::main] Version: 2.03, pthreads=64, omp_threads=3
[M::main] CMD: winnowmap -t 64 -W repetitive.utg.k15.txt -x map-pb -o hifitoutg.paf chr13.bp.p_utg.fa ../statistic_combination/read_chr13_15511991_17561453_0.050000.fasta
[M::main] Real time: 49.090 sec; CPU: 6691.994 sec; Peak RSS: 4.442 GB
  File "/data/yangjinbao/projects/TRFill/src/hifi_paf_link.diptig_auto.py", line 465
    print(f"middle_coverage = {middle_coverage}")
                                               ^
SyntaxError: invalid syntax
Threads: 32
Output Path: result
Config File: config.txt
All required software are installed.
***********input argvs*************
Phasing: 1
Reference FASTA: /data/wenhuaming//data/chm13/T2Tassembly/chm13v2.0.merge.fa
Current assembly: /data/wenhuaming/data/HG002/assembly/HG002.fa
/data/wenhuaming//data/wenhuaming/data/HG002/assembly/HG002.pat.chr.fa
/data/wenhuaming//data/wenhuaming/data/HG002/assembly/HG002.mat.chr.fa
HiFi Reads: /data/wenhuaming//data/HG002/hifi/high/m64015_190922_010918.Q20.fastq
HiC Reads: /data/wenhuaming//data/HG002/hic/high/HG002.HiC_2_NovaSeq_rep1_run2_S1_L001_R1_001.fasta
HiC Reads: /data/wenhuaming//data/HG002/hic/high/HG002.HiC_2_NovaSeq_rep1_run2_S1_L001_R2_001.fasta
Chrs: chr13
Starts: 15511991
Ends: 17561453
Mat Starts: 10000000
Mat Ends: 12000000
Pat Starts: 14028568
Pat Ends: 15471497

Found 1 command tree.

Counting 2972 (estimated) million canonical 15-mers from 1 input file:
    sequence-file: /data/wenhuaming//data/chm13/T2Tassembly/chm13v2.0.merge.fa


SIMPLE MODE
-----------

  15-mers
    -> 1073741824 entries for counts up to 65535.
    -> 16 Gbits memory used

  3117293566 input bases
    -> expected max count of 12469174, needing 9 extra bits.
    -> 9216 Mbits memory used

  3200 MB memory needed


COMPLEX MODE
------------

prefix     # of   struct   kmers/    segs/      min     data    total
  bits   prefix   memory   prefix   prefix   memory   memory   memory
------  -------  -------  -------  -------  -------  -------  -------
     1     2  P  1353 kB  1486 MM    84 kS   128 kB    10 GB    10 GB
     2     4  P  1313 kB   743 MM    40 kS   256 kB    10 GB    10 GB
     3     8  P  1279 kB   371 MM    19 kS   512 kB     9 GB     9 GB
     4    16  P  1258 kB   185 MM  9663  S  1024 kB  9663 MB  9664 MB
     5    32  P  1262 kB    92 MM  4646  S  2048 kB  9292 MB  9293 MB
     6    64  P  1317 kB    46 MM  2230  S  4096 kB  8920 MB  8921 MB
     7   128  P  1473 kB    23 MM  1069  S  8192 kB  8552 MB  8553 MB
     8   256  P  1830 kB    11 MM   511  S    16 MB  8176 MB  8177 MB
     9   512  P  2592 kB  5945 kM   244  S    32 MB  7808 MB  7810 MB
    10  1024  P  4168 kB  2972 kM   117  S    64 MB  7488 MB  7492 MB
    11  2048  P  7360 kB  1486 kM    56  S   128 MB  7168 MB  7175 MB
    12  4096  P    13 MB   743 kM    27  S   256 MB  6912 MB  6925 MB
    13  8192  P    26 MB   371 kM    13  S   512 MB  6656 MB  6682 MB
    14    16 kP    51 MB   185 kM     6  S  1024 MB  6144 MB  6195 MB  Best Value!
    15    32 kP   101 MB    92 kM     3  S  2048 MB  6144 MB  6245 MB
    16    64 kP   203 MB    46 kM     2  S  4096 MB  8192 MB  8395 MB
    17   128 kP   405 MB    23 kM     1  S  8192 MB  8192 MB  8597 MB
    18   256 kP   810 MB    11 kM     1  S    16 GB    16 GB    16 GB
    19   512 kP  1620 MB  5946  M     1  S    32 GB    32 GB    33 GB
    20  1024 kP  3240 MB  2973  M     1  S    64 GB    64 GB    67 GB
    21  2048 kP  6480 MB  1487  M     1  S   128 GB   128 GB   134 GB


FINAL CONFIGURATION
-------------------

Configured simple mode for 3.125 GB memory per batch, and up to 1 batch.

Start counting with SIMPLE method.
Loading kmers from '/data/wenhuaming//data/chm13/T2Tassembly/chm13v2.0.merge.fa' into buckets.
Increasing to 17-bit storage (for kmer 0x0000000000000000).
Increasing to 18-bit storage (for kmer 0x0000000000000000).
Increasing to 19-bit storage (for kmer 0x0000000000000000).
Increasing to 20-bit storage (for kmer 0x0000000000000000).
Increasing to 21-bit storage (for kmer 0x0000000000000000).
Increasing to 22-bit storage (for kmer 0x0000000000000000).

Writing results to 'reference2hifi.meryl.k15', using 255 threads.
             [ file ][  prefix ][  suffix ][ count-suffix ]
   widths    [    6 ][       4 ][      20 ][            0 ]
   number    [   64 ][      16 ][ 1048576 ][              ]

finishIteration()--

Cleaning up.

Bye.

Found 1 command tree.

PROCESSING TREE #1 using 1 thread.
  opGreaterThan
    threshold=1473
    fraction-distinct=0.999800
    reference2hifi.meryl.k15
    print to (stdout)

Cleaning up.

Bye.
[M::mm_idx_gen::0.000*27.73] reading downweighted kmers
[M::mm_idx_gen::0.023*1.17] collected downweighted kmers, no. of kmers read=66872
[M::mm_idx_gen::0.023*1.17] saved the kmers in a bloom filter: hash functions=2 and size=961464 
[M::mm_idx_gen::108.478*1.08] collected minimizers
[M::mm_idx_gen::110.400*1.28] sorted minimizers
[M::main::110.400*1.28] loaded/built the index for 25 target sequence(s)
[M::main::110.400*1.28] running winnowmap in SV-aware mode
[M::main::110.400*1.28] stage1-specific parameters minP:1000, incP:1.99, maxP:8000, sample:1000, min-qlen:10000, min-qcov:0.5, min-mapq:5, mid-occ:5000
[M::main::110.400*1.28] stage2-specific parameters s2_bw:1000, s2_zdropinv:25
[M::mm_idx_stat] kmer size: 15; skip: 50; is_hpc: 0; #seq: 25
[M::mm_idx_stat::110.636*1.28] distinct minimizers: 23616987 (41.30% are singletons); average occurrences: 5.279; average spacing: 25.003
[M::worker_pipeline::189.601*54.94] mapped 77760 sequences
[M::worker_pipeline::268.545*78.68] mapped 77766 sequences
[M::worker_pipeline::349.916*91.94] mapped 77843 sequences
[M::worker_pipeline::429.933*99.25] mapped 77719 sequences
[M::worker_pipeline::507.163*104.39] mapped 77785 sequences
[M::worker_pipeline::588.301*108.04] mapped 77820 sequences
[M::worker_pipeline::667.780*111.24] mapped 77759 sequences
[M::worker_pipeline::745.701*113.74] mapped 77766 sequences
[M::worker_pipeline::823.033*115.78] mapped 77824 sequences
[M::worker_pipeline::901.050*117.40] mapped 77780 sequences
[M::worker_pipeline::982.570*118.55] mapped 77825 sequences
[M::worker_pipeline::1060.077*119.65] mapped 77940 sequences
[M::worker_pipeline::1141.092*120.49] mapped 77889 sequences
[M::worker_pipeline::1220.330*121.23] mapped 77957 sequences
[M::worker_pipeline::1298.331*121.79] mapped 77837 sequences
[M::worker_pipeline::1376.152*122.50] mapped 77793 sequences
[M::worker_pipeline::1456.199*123.06] mapped 77822 sequences
[M::worker_pipeline::1538.105*123.41] mapped 77807 sequences
[M::worker_pipeline::1617.729*123.89] mapped 77790 sequences
[M::worker_pipeline::1701.863*124.07] mapped 77822 sequences
[M::worker_pipeline::1779.867*124.64] mapped 77817 sequences
[M::worker_pipeline::1862.037*124.93] mapped 77865 sequences
[M::worker_pipeline::1943.205*125.15] mapped 77955 sequences
[M::worker_pipeline::2023.955*125.39] mapped 77807 sequences
[M::worker_pipeline::2104.081*125.59] mapped 77787 sequences
[M::worker_pipeline::2181.209*125.88] mapped 77834 sequences
[M::worker_pipeline::2257.965*126.14] mapped 77804 sequences
[M::worker_pipeline::2279.449*126.03] mapped 18485 sequences
[M::main] Version: 2.03, pthreads=64, omp_threads=3
[M::main] CMD: winnowmap -t 64 -W ref.repetitive.k15.txt -x map-pb -o hifi2ref.paf /data/wenhuaming//data/chm13/T2Tassembly/chm13v2.0.merge.fa /data/wenhuaming//data/HG002/hifi/high/m64015_190922_010918.Q20.fastq
[M::main] Real time: 2279.702 sec; CPU: 287272.277 sec; Peak RSS: 16.656 GB
chr13
hifiasm first
[M::ha_analyze_count] lowest: count[7] = 9194
[M::ha_analyze_count] highest: count[8] = 11959
[M::ha_hist_line]     2: ****************************************************************************************************> 27841
[M::ha_hist_line]     3: ****************************************************************************************************> 24422
[M::ha_hist_line]     4: ****************************************************************************************************> 17798
[M::ha_hist_line]     5: ************************************************************************************************ 11445
[M::ha_hist_line]     6: ****************************************************************************************** 10722
[M::ha_hist_line]     7: ***************************************************************************** 9194
[M::ha_hist_line]     8: **************************************************************************************************** 11959
[M::ha_hist_line]     9: ************************************************************************ 8627
[M::ha_hist_line]    10: **************************************** 4777
[M::ha_hist_line]    11: *************************************** 4607
[M::ha_hist_line]    12: **************************** 3338
[M::ha_hist_line]    13: ****************************** 3549
[M::ha_hist_line]    14: ********************** 2578
[M::ha_hist_line]    15: ********* 1077
[M::ha_hist_line]    16: ******* 858
[M::ha_hist_line]    17: ****** 744
[M::ha_hist_line]    18: **** 521
[M::ha_hist_line]    19: ***** 559
[M::ha_hist_line]    20: ***** 569
[M::ha_hist_line]    21: ****** 750
[M::ha_hist_line]    22: ****** 766
[M::ha_hist_line]    23: ******* 829
[M::ha_hist_line]    24: **** 427
[M::ha_hist_line]    25: *** 370
[M::ha_hist_line]    26: *** 415
[M::ha_hist_line]    27: **** 442
[M::ha_hist_line]    28: ** 281
[M::ha_hist_line]    29: ** 280
[M::ha_hist_line]    30: ** 256
[M::ha_hist_line]    31: ** 271
[M::ha_hist_line]    32: ** 231
[M::ha_hist_line]    33: ** 230
[M::ha_hist_line]    34: * 179
[M::ha_hist_line]    35: ** 298
[M::ha_hist_line]    36: * 170
[M::ha_hist_line]    37: ** 197
[M::ha_hist_line]    38: * 153
[M::ha_hist_line]    39: ** 227
[M::ha_hist_line]    40: ** 208
[M::ha_hist_line]    41: * 149
[M::ha_hist_line]    42: ** 182
[M::ha_hist_line]    43: * 151
[M::ha_hist_line]    44: ** 196
[M::ha_hist_line]    45: * 159
[M::ha_hist_line]    46: * 86
[M::ha_hist_line]    47: * 93
[M::ha_hist_line]    48: ** 198
[M::ha_hist_line]    49: * 147
[M::ha_hist_line]    50: * 84
[M::ha_hist_line]    51: * 114
[M::ha_hist_line]    52: * 101
[M::ha_hist_line]    53: * 144
[M::ha_hist_line]    54: * 123
[M::ha_hist_line]    55: * 71
[M::ha_hist_line]    56: * 82
[M::ha_hist_line]  rest: ***************************************************************** 7719
[M::ha_analyze_count] left: none
[M::ha_analyze_count] right: count[13] = 3549
[M::ha_ft_gen] peak_hom: 13; peak_het: 8
[M::ha_ct_shrink::5.103*1.10] ==> counted 7112 distinct minimizer k-mers
[M::ha_ft_gen::5.105*1.10@16.119GB] ==> filtered out 7112 k-mers occurring 65 or more times
[M::ha_opt_update_cov] updated max_n_chain to 100
[M::yak_count] collected 156027 minimizers
[M::ha_pt_gen::5.183*1.26] ==> counted 24754 distinct minimizer k-mers
[M::ha_pt_gen] count[4095] = 0 (for sanity check)
[M::ha_analyze_count] lowest: count[7] = 777
[M::ha_analyze_count] highest: count[8] = 784
[M::ha_hist_line]     1: ****************************************************************************************************> 10551
[M::ha_hist_line]     2: ****************************************************************************************************> 2697
[M::ha_hist_line]     3: ****************************************************************************************************> 2030
[M::ha_hist_line]     4: ****************************************************************************************************> 1655
[M::ha_hist_line]     5: ****************************************************************************************************> 1153
[M::ha_hist_line]     6: ****************************************************************************************************> 942
[M::ha_hist_line]     7: *************************************************************************************************** 777
[M::ha_hist_line]     8: **************************************************************************************************** 784
[M::ha_hist_line]     9: *********************************************************************** 558
[M::ha_hist_line]    10: **************************************************** 409
[M::ha_hist_line]    11: ******************************************* 334
[M::ha_hist_line]    12: ************************************* 292
[M::ha_hist_line]    13: ****************************** 234
[M::ha_hist_line]    14: **************************** 217
[M::ha_hist_line]    15: ************ 92
[M::ha_hist_line]    16: *************** 120
[M::ha_hist_line]    17: ************ 95
[M::ha_hist_line]    18: ************* 104
[M::ha_hist_line]    19: ************ 95
[M::ha_hist_line]    20: ************** 106
[M::ha_hist_line]    21: *********** 89
[M::ha_hist_line]    22: ************* 100
[M::ha_hist_line]    23: ************ 97
[M::ha_hist_line]    24: ****** 44
[M::ha_hist_line]    25: ******** 64
[M::ha_hist_line]    26: ******** 59
[M::ha_hist_line]    27: ******* 55
[M::ha_hist_line]    28: **** 33
[M::ha_hist_line]    29: ***** 39
[M::ha_hist_line]    30: ***** 36
[M::ha_hist_line]    31: ******* 56
[M::ha_hist_line]    32: **** 35
[M::ha_hist_line]    33: **** 31
[M::ha_hist_line]    34: **** 35
[M::ha_hist_line]    35: **** 34
[M::ha_hist_line]    36: *** 27
[M::ha_hist_line]    37: ***** 42
[M::ha_hist_line]    38: **** 29
[M::ha_hist_line]    39: **** 30
[M::ha_hist_line]    40: **** 29
[M::ha_hist_line]    41: ***** 38
[M::ha_hist_line]    42: *** 21
[M::ha_hist_line]    43: *** 22
[M::ha_hist_line]    44: **** 30
[M::ha_hist_line]    45: ** 13
[M::ha_hist_line]    46: *** 22
[M::ha_hist_line]    47: ** 16
[M::ha_hist_line]    48: ** 17
[M::ha_hist_line]    49: *** 22
[M::ha_hist_line]    50: ** 12
[M::ha_hist_line]    51: ** 17
[M::ha_hist_line]    52: *** 21
[M::ha_hist_line]    53: ** 13
[M::ha_hist_line]    54: ** 12
[M::ha_hist_line]    55: * 8
[M::ha_hist_line]    56: * 10
[M::ha_hist_line]    57: *** 24
[M::ha_hist_line]    58: * 7
[M::ha_hist_line]    59: * 5
[M::ha_hist_line]    60: * 7
[M::ha_hist_line]    61: ** 18
[M::ha_hist_line]    62: * 9
[M::ha_hist_line]    63: ** 14
[M::ha_hist_line]    64: ** 13
[M::ha_hist_line]    65: * 4
[M::ha_hist_line]    66: * 8
[M::ha_hist_line]  rest: ****************** 142
[M::ha_analyze_count] left: none
[M::ha_analyze_count] right: count[16] = 120
[M::ha_pt_gen] peak_hom: 16; peak_het: 8
[M::ha_ct_shrink::5.202*1.26] ==> counted 14203 distinct minimizer k-mers
[M::ha_pt_gen::] counting in normal mode
[M::yak_count] collected 156027 minimizers
[M::ha_pt_gen::5.256*1.41] ==> indexed 145476 positions, counted 14203 distinct minimizer k-mers
[M::ha_assemble::5.804*4.28@16.119GB] ==> corrected reads for round 1
[M::ha_assemble] # bases: 11256026; # corrected bases: 11613; # recorrected bases: 21
[M::ha_assemble] size of buffer: 0.633GB
[M::yak_count] collected 151770 minimizers
[M::ha_pt_gen::5.924*4.35] ==> counted 20416 distinct minimizer k-mers
[M::ha_pt_gen] count[4095] = 0 (for sanity check)
[M::ha_analyze_count] lowest: count[7] = 698
[M::ha_analyze_count] highest: count[8] = 785
[M::ha_hist_line]     1: ****************************************************************************************************> 6955
[M::ha_hist_line]     2: ****************************************************************************************************> 2209
[M::ha_hist_line]     3: ****************************************************************************************************> 1948
[M::ha_hist_line]     4: ****************************************************************************************************> 1542
[M::ha_hist_line]     5: ****************************************************************************************************> 1126
[M::ha_hist_line]     6: ****************************************************************************************************> 906
[M::ha_hist_line]     7: ***************************************************************************************** 698
[M::ha_hist_line]     8: **************************************************************************************************** 785
[M::ha_hist_line]     9: ********************************************************************* 539
[M::ha_hist_line]    10: **************************************************** 405
[M::ha_hist_line]    11: ********************************************* 354
[M::ha_hist_line]    12: *********************************** 274
[M::ha_hist_line]    13: ******************************** 255
[M::ha_hist_line]    14: ************************* 196
[M::ha_hist_line]    15: ************** 107
[M::ha_hist_line]    16: *************** 116
[M::ha_hist_line]    17: ************** 108
[M::ha_hist_line]    18: *********** 88
[M::ha_hist_line]    19: ********** 81
[M::ha_hist_line]    20: ************ 91
[M::ha_hist_line]    21: ************ 93
[M::ha_hist_line]    22: *************** 114
[M::ha_hist_line]    23: ********* 71
[M::ha_hist_line]    24: ********* 69
[M::ha_hist_line]    25: ******** 63
[M::ha_hist_line]    26: ****** 46
[M::ha_hist_line]    27: ******* 52
[M::ha_hist_line]    28: ******** 60
[M::ha_hist_line]    29: ***** 43
[M::ha_hist_line]    30: ********* 71
[M::ha_hist_line]    31: ****** 48
[M::ha_hist_line]    32: ***** 37
[M::ha_hist_line]    33: ****** 48
[M::ha_hist_line]    34: **** 33
[M::ha_hist_line]    35: ****** 44
[M::ha_hist_line]    36: **** 30
[M::ha_hist_line]    37: ***** 39
[M::ha_hist_line]    38: *** 25
[M::ha_hist_line]    39: *** 20
[M::ha_hist_line]    40: ****** 49
[M::ha_hist_line]    41: *** 24
[M::ha_hist_line]    42: **** 35
[M::ha_hist_line]    43: *** 27
[M::ha_hist_line]    44: ** 18
[M::ha_hist_line]    45: *** 22
[M::ha_hist_line]    46: *** 22
[M::ha_hist_line]    47: * 10
[M::ha_hist_line]    48: * 10
[M::ha_hist_line]    49: **** 28
[M::ha_hist_line]    50: ** 15
[M::ha_hist_line]    51: *** 23
[M::ha_hist_line]    52: ** 16
[M::ha_hist_line]    53: ** 16
[M::ha_hist_line]    54: ** 13
[M::ha_hist_line]    55: *** 20
[M::ha_hist_line]    56: ** 15
[M::ha_hist_line]    57: * 10
[M::ha_hist_line]    58: * 11
[M::ha_hist_line]    59: * 9
[M::ha_hist_line]    60: * 9
[M::ha_hist_line]    61: * 10
[M::ha_hist_line]    62: * 4
[M::ha_hist_line]    63: ** 13
[M::ha_hist_line]    64: ** 19
[M::ha_hist_line]  rest: *********************** 179
[M::ha_analyze_count] left: none
[M::ha_analyze_count] right: count[16] = 116
[M::ha_pt_gen] peak_hom: 16; peak_het: 8
[M::ha_ct_shrink::5.939*4.35] ==> counted 13461 distinct minimizer k-mers
[M::ha_pt_gen::] counting in normal mode
[M::yak_count] collected 151770 minimizers
[M::ha_pt_gen::5.990*4.45] ==> indexed 144815 positions, counted 13461 distinct minimizer k-mers
[M::ha_assemble::6.333*6.46@16.119GB] ==> corrected reads for round 2
[M::ha_assemble] # bases: 11251239; # corrected bases: 747; # recorrected bases: 5
[M::ha_assemble] size of buffer: 0.621GB
[M::yak_count] collected 150059 minimizers
[M::ha_pt_gen::6.401*6.52] ==> counted 20043 distinct minimizer k-mers
[M::ha_pt_gen] count[4095] = 0 (for sanity check)
[M::ha_analyze_count] lowest: count[7] = 721
[M::ha_analyze_count] highest: count[8] = 763
[M::ha_hist_line]     1: ****************************************************************************************************> 6694
[M::ha_hist_line]     2: ****************************************************************************************************> 2195
[M::ha_hist_line]     3: ****************************************************************************************************> 1955
[M::ha_hist_line]     4: ****************************************************************************************************> 1526
[M::ha_hist_line]     5: ****************************************************************************************************> 1104
[M::ha_hist_line]     6: ****************************************************************************************************> 949
[M::ha_hist_line]     7: ********************************************************************************************** 721
[M::ha_hist_line]     8: **************************************************************************************************** 763
[M::ha_hist_line]     9: ********************************************************************* 530
[M::ha_hist_line]    10: ***************************************************** 406
[M::ha_hist_line]    11: ********************************************** 354
[M::ha_hist_line]    12: *********************************** 269
[M::ha_hist_line]    13: ********************************* 255
[M::ha_hist_line]    14: ************************ 185
[M::ha_hist_line]    15: *************** 112
[M::ha_hist_line]    16: *************** 116
[M::ha_hist_line]    17: ************** 110
[M::ha_hist_line]    18: ************ 95
[M::ha_hist_line]    19: ************ 94
[M::ha_hist_line]    20: *********** 87
[M::ha_hist_line]    21: ************ 95
[M::ha_hist_line]    22: *************** 111
[M::ha_hist_line]    23: ********* 72
[M::ha_hist_line]    24: ******** 62
[M::ha_hist_line]    25: ********* 69
[M::ha_hist_line]    26: ****** 43
[M::ha_hist_line]    27: ******* 53
[M::ha_hist_line]    28: ****** 48
[M::ha_hist_line]    29: *** 26
[M::ha_hist_line]    30: ****** 48
[M::ha_hist_line]    31: ****** 42
[M::ha_hist_line]    32: **** 31
[M::ha_hist_line]    33: ***** 37
[M::ha_hist_line]    34: ***** 41
[M::ha_hist_line]    35: ***** 38
[M::ha_hist_line]    36: ***** 35
[M::ha_hist_line]    37: ***** 35
[M::ha_hist_line]    38: *** 25
[M::ha_hist_line]    39: *** 24
[M::ha_hist_line]    40: ***** 39
[M::ha_hist_line]    41: **** 33
[M::ha_hist_line]    42: *** 26
[M::ha_hist_line]    43: **** 27
[M::ha_hist_line]    44: ** 18
[M::ha_hist_line]    45: ** 17
[M::ha_hist_line]    46: *** 22
[M::ha_hist_line]    47: ** 14
[M::ha_hist_line]    48: * 10
[M::ha_hist_line]    49: **** 29
[M::ha_hist_line]    50: ** 15
[M::ha_hist_line]    51: ** 15
[M::ha_hist_line]    52: ** 17
[M::ha_hist_line]    53: ** 15
[M::ha_hist_line]    54: ** 17
[M::ha_hist_line]    55: * 9
[M::ha_hist_line]    56: ** 14
[M::ha_hist_line]    57: ** 14
[M::ha_hist_line]    58: * 8
[M::ha_hist_line]    59: * 11
[M::ha_hist_line]    60: * 6
[M::ha_hist_line]    61: ** 14
[M::ha_hist_line]    62: * 11
[M::ha_hist_line]    63: * 6
[M::ha_hist_line]    64: *** 20
[M::ha_hist_line]    65: * 7
[M::ha_hist_line]    66: * 7
[M::ha_hist_line]    67: * 5
[M::ha_hist_line]  rest: ******************* 142
[M::ha_analyze_count] left: none
[M::ha_analyze_count] right: none
[M::ha_pt_gen] peak_hom: 8; peak_het: -1
[M::ha_ct_shrink::6.414*6.52] ==> counted 13349 distinct minimizer k-mers
[M::ha_pt_gen::] counting in normal mode
[M::yak_count] collected 150059 minimizers
[M::ha_pt_gen::6.462*6.60] ==> indexed 143365 positions, counted 13349 distinct minimizer k-mers
[M::ha_assemble::6.747*8.32@16.119GB] ==> corrected reads for round 3
[M::ha_assemble] # bases: 11251039; # corrected bases: 438; # recorrected bases: 0
[M::ha_assemble] size of buffer: 0.636GB
[M::yak_count] collected 149891 minimizers
[M::ha_pt_gen::6.814*8.36] ==> counted 19887 distinct minimizer k-mers
[M::ha_pt_gen] count[4095] = 0 (for sanity check)
[M::ha_analyze_count] lowest: count[7] = 723
[M::ha_analyze_count] highest: count[8] = 768
[M::ha_hist_line]     1: ****************************************************************************************************> 6574
[M::ha_hist_line]     2: ****************************************************************************************************> 2182
[M::ha_hist_line]     3: ****************************************************************************************************> 1961
[M::ha_hist_line]     4: ****************************************************************************************************> 1511
[M::ha_hist_line]     5: ****************************************************************************************************> 1100
[M::ha_hist_line]     6: ****************************************************************************************************> 935
[M::ha_hist_line]     7: ********************************************************************************************** 723
[M::ha_hist_line]     8: **************************************************************************************************** 768
[M::ha_hist_line]     9: ****************************************************************** 509
[M::ha_hist_line]    10: ******************************************************** 428
[M::ha_hist_line]    11: ********************************************** 350
[M::ha_hist_line]    12: *********************************** 267
[M::ha_hist_line]    13: ********************************** 259
[M::ha_hist_line]    14: ************************ 181
[M::ha_hist_line]    15: *************** 112
[M::ha_hist_line]    16: *************** 117
[M::ha_hist_line]    17: ************** 108
[M::ha_hist_line]    18: ************ 96
[M::ha_hist_line]    19: ************* 98
[M::ha_hist_line]    20: ********* 72
[M::ha_hist_line]    21: ************ 96
[M::ha_hist_line]    22: ************** 106
[M::ha_hist_line]    23: ********* 72
[M::ha_hist_line]    24: ********* 71
[M::ha_hist_line]    25: ********** 77
[M::ha_hist_line]    26: ****** 43
[M::ha_hist_line]    27: ******* 52
[M::ha_hist_line]    28: ****** 49
[M::ha_hist_line]    29: *** 25
[M::ha_hist_line]    30: ******* 50
[M::ha_hist_line]    31: ***** 38
[M::ha_hist_line]    32: **** 32
[M::ha_hist_line]    33: ***** 40
[M::ha_hist_line]    34: ***** 39
[M::ha_hist_line]    35: ***** 40
[M::ha_hist_line]    36: ***** 41
[M::ha_hist_line]    37: **** 27
[M::ha_hist_line]    38: *** 25
[M::ha_hist_line]    39: *** 25
[M::ha_hist_line]    40: ***** 38
[M::ha_hist_line]    41: ***** 36
[M::ha_hist_line]    42: *** 25
[M::ha_hist_line]    43: *** 20
[M::ha_hist_line]    44: *** 24
[M::ha_hist_line]    45: ** 15
[M::ha_hist_line]    46: *** 20
[M::ha_hist_line]    47: ** 15
[M::ha_hist_line]    48: ** 14
[M::ha_hist_line]    49: **** 29
[M::ha_hist_line]    50: ** 16
[M::ha_hist_line]    51: ** 14
[M::ha_hist_line]    52: ** 16
[M::ha_hist_line]    53: ** 16
[M::ha_hist_line]    54: ** 17
[M::ha_hist_line]    55: * 8
[M::ha_hist_line]    56: ** 14
[M::ha_hist_line]    57: ** 18
[M::ha_hist_line]    58: * 5
[M::ha_hist_line]    59: * 9
[M::ha_hist_line]    60: * 6
[M::ha_hist_line]    61: ** 12
[M::ha_hist_line]    62: ** 12
[M::ha_hist_line]    63: * 8
[M::ha_hist_line]    64: *** 20
[M::ha_hist_line]    65: * 7
[M::ha_hist_line]    66: * 7
[M::ha_hist_line]    67: * 5
[M::ha_hist_line]  rest: ****************** 142
[M::ha_analyze_count] left: none
[M::ha_analyze_count] right: none
[M::ha_pt_gen] peak_hom: 8; peak_het: -1
[M::ha_ct_shrink::6.827*8.36] ==> counted 13313 distinct minimizer k-mers
[M::ha_pt_gen::] counting in normal mode
[M::yak_count] collected 149891 minimizers
[M::ha_pt_gen::6.878*8.42] ==> indexed 143317 positions, counted 13313 distinct minimizer k-mers
[M::ha_assemble::6.960*8.79@16.119GB] ==> found overlaps for the final round
[M::ha_print_ovlp_stat] # overlaps: 5864
[M::ha_print_ovlp_stat] # strong overlaps: 5406
[M::ha_print_ovlp_stat] # weak overlaps: 458
[M::ha_print_ovlp_stat] # exact overlaps: 4212
[M::ha_print_ovlp_stat] # inexact overlaps: 1652
[M::ha_print_ovlp_stat] # overlaps without large indels: 5856
[M::ha_print_ovlp_stat] # reverse overlaps: 29546
[M::ha_opt_update_cov_min] updated max_n_chain to 100
Writing reads to disk... 
Reads has been written.
Writing ma_hit_ts to disk... 
ma_hit_ts has been written.
Writing ma_hit_ts to disk... 
ma_hit_ts has been written.
bin files have been written.
[M::purge_dups] homozygous read coverage threshold: 8
[M::purge_dups] purge duplication coverage threshold: 10
[M::ug_ext_gfa::] # tips::14
Writing raw unitig GFA to disk... 
Writing processed unitig GFA to disk... 
[M::purge_dups] homozygous read coverage threshold: 8
[M::purge_dups] purge duplication coverage threshold: 10
[M::mc_solve:: # edges: 384]
[M::mc_solve_core_adv::0.022] ==> Partition
[M::adjust_utg_by_primary] primary contig coverage range: [6, infinity]
Writing chr13.bp.p_ctg.gfa to disk... 
[M::reduce_hamming_error_adv::0.000] # inserted edges: 0, # fixed bubbles: 0
[M::adjust_utg_by_trio] primary contig coverage range: [6, infinity]
[M::recall_arcs] # transitive arcs::0
[M::recall_arcs] # new arcs::12, # old arcs::8
[M::clean_trio_untig_graph] # adjusted arcs::0
[M::adjust_utg_by_trio] primary contig coverage range: [6, infinity]
[M::recall_arcs] # transitive arcs::0
[M::recall_arcs] # new arcs::18, # old arcs::14
[M::clean_trio_untig_graph] # adjusted arcs::0
[M::output_trio_graph_joint] dedup_base::103375, miss_base::0
Writing chr13.bp.hap1.p_ctg.gfa to disk... 
Writing chr13.bp.hap2.p_ctg.gfa to disk... 
Inconsistency threshold for low-quality regions in BED files: 70%
[M::main] Version: 0.19.8-r603
[M::main] CMD: hifiasm -t 64 -o chr13 ../statistic_combination/read_chr13_15511991_17561453_0.050000.fasta
[M::main] Real time: 7.134 sec; CPU: 61.652 sec; Peak RSS: 16.119 GB

Found 1 command tree.

Counting 2094 (estimated) thousand canonical 15-mers from 1 input file:
    sequence-file: chr13.bp.p_utg.fa


SIMPLE MODE
-----------

  15-mers
    -> 1073741824 entries for counts up to 65535.
    -> 16 Gbits memory used

  2144773 input bases
    -> expected max count of 8579, needing 0 extra bits.
    -> no memory used

  2048 MB memory needed


COMPLEX MODE
------------

prefix     # of   struct   kmers/    segs/      min     data    total
  bits   prefix   memory   prefix   prefix   memory   memory   memory
------  -------  -------  -------  -------  -------  -------  -------
     1     2  P  7424  B  1047 kM    60  S   128 kB  7680 kB  7687 kB
     2     4  P    13 kB   523 kM    29  S   256 kB  7424 kB  7437 kB
     3     8  P    26 kB   261 kM    14  S   512 kB  7168 kB  7194 kB
     4    16  P    51 kB   130 kM     7  S  1024 kB  7168 kB  7219 kB
     5    32  P   102 kB    65 kM     4  S  2048 kB  8192 kB  8294 kB
     6    64  P   203 kB    32 kM     2  S  4096 kB  8192 kB  8395 kB
     7   128  P   405 kB    16 kM     1  S  8192 kB  8192 kB  8597 kB
     8   256  P   810 kB  8379  M     1  S    16 MB    16 MB    16 MB
     9   512  P  1620 kB  4190  M     1  S    32 MB    32 MB    33 MB
    10  1024  P  3240 kB  2095  M     1  S    64 MB    64 MB    67 MB  Best Value!
    11  2048  P  6480 kB  1048  M     1  S   128 MB   128 MB   134 MB
    12  4096  P    12 MB   524  M     1  S   256 MB   256 MB   268 MB
    13  8192  P    25 MB   262  M     1  S   512 MB   512 MB   537 MB
    14    16 kP    50 MB   131  M     1  S  1024 MB  1024 MB  1074 MB
    15    32 kP   101 MB    66  M     1  S  2048 MB  2048 MB  2149 MB


FINAL CONFIGURATION
-------------------

Configured complex mode for 0.066 GB memory per batch, and up to 1 batch.

Start counting with THREADED method.
Used 0.287 GB out of 1007.700 GB to store      1048260 kmers.

Writing results to 'merylDB.utg.k15', using 255 threads.
finishIteration()--

Finished counting.

Cleaning up.

Bye.

Found 1 command tree.

PROCESSING TREE #1 using 1 thread.
  opGreaterThan
    threshold=3956
    fraction-distinct=0.999800
    merylDB.utg.k15
    print to (stdout)

Cleaning up.

Bye.
[M::mm_idx_gen::0.000*27.12] reading downweighted kmers
[M::mm_idx_gen::0.000*11.71] collected downweighted kmers, no. of kmers read=14
[M::mm_idx_gen::0.000*11.46] saved the kmers in a bloom filter: hash functions=2 and size=14384 
[M::mm_idx_gen::0.103*0.69] collected minimizers
[M::mm_idx_gen::0.112*1.06] sorted minimizers
[M::main::0.112*1.06] loaded/built the index for 49 target sequence(s)
[M::main::0.112*1.06] running winnowmap in SV-aware mode
[M::main::0.112*1.06] stage1-specific parameters minP:1000, incP:1.99, maxP:8000, sample:1000, min-qlen:10000, min-qcov:0.5, min-mapq:5, mid-occ:5000
[M::main::0.112*1.06] stage2-specific parameters s2_bw:1000, s2_zdropinv:25
[M::mm_idx_stat] kmer size: 15; skip: 50; is_hpc: 0; #seq: 49
[M::mm_idx_stat::0.112*1.06] distinct minimizers: 2943 (37.55% are singletons); average occurrences: 28.899; average spacing: 25.210
[M::worker_pipeline::35.276*151.53] mapped 871 sequences
[M::main] Version: 2.03, pthreads=64, omp_threads=3
[M::main] CMD: winnowmap -t 64 -W repetitive.utg.k15.txt -x map-pb -o hifitoutg.paf chr13.bp.p_utg.fa ../statistic_combination/read_chr13_15511991_17561453_0.050000.fasta
[M::main] Real time: 35.299 sec; CPU: 5345.575 sec; Peak RSS: 4.312 GB

Found 1 command tree.

Counting 2972 (estimated) million canonical 19-mers from 1 input file:
    sequence-file: /data/wenhuaming//data/chm13/T2Tassembly/chm13v2.0.merge.fa


SIMPLE MODE
-----------

  19-mers
    -> 274877906944 entries for counts up to 65535.
    -> 4096 Gbits memory used

  3117293566 input bases
    -> expected max count of 12469174, needing 9 extra bits.
    -> 2304 Gbits memory used

  800 GB memory needed


COMPLEX MODE
------------

prefix     # of   struct   kmers/    segs/      min     data    total
  bits   prefix   memory   prefix   prefix   memory   memory   memory
------  -------  -------  -------  -------  -------  -------  -------
     1     2  P  1725 kB  1486 MM   107 kS   128 kB    13 GB    13 GB
     2     4  P  1684 kB   743 MM    52 kS   256 kB    13 GB    13 GB
     3     8  P  1651 kB   371 MM    25 kS   512 kB    12 GB    12 GB
     4    16  P  1629 kB   185 MM    12 kS  1024 kB    12 GB    12 GB
     5    32  P  1634 kB    92 MM  6132  S  2048 kB    11 GB    11 GB
     6    64  P  1688 kB    46 MM  2973  S  4096 kB    11 GB    11 GB
     7   128  P  1845 kB    23 MM  1441  S  8192 kB    11 GB    11 GB
     8   256  P  2202 kB    11 MM   697  S    16 MB    10 GB    10 GB
     9   512  P  2964 kB  5945 kM   337  S    32 MB    10 GB    10 GB
    10  1024  P  4536 kB  2972 kM   163  S    64 MB    10 GB    10 GB
    11  2048  P  7728 kB  1486 kM    79  S   128 MB     9 GB     9 GB
    12  4096  P    13 MB   743 kM    38  S   256 MB  9728 MB  9741 MB
    13  8192  P    26 MB   371 kM    19  S   512 MB  9728 MB  9754 MB
    14    16 kP    51 MB   185 kM     9  S  1024 MB  9216 MB  9267 MB
    15    32 kP   102 MB    92 kM     5  S  2048 MB    10 GB    10 GB
    16    64 kP   203 MB    46 kM     2  S  4096 MB  8192 MB  8395 MB  Best Value!
    17   128 kP   405 MB    23 kM     1  S  8192 MB  8192 MB  8597 MB
    18   256 kP   810 MB    11 kM     1  S    16 GB    16 GB    16 GB
    19   512 kP  1620 MB  5946  M     1  S    32 GB    32 GB    33 GB
    20  1024 kP  3240 MB  2973  M     1  S    64 GB    64 GB    67 GB
    21  2048 kP  6480 MB  1487  M     1  S   128 GB   128 GB   134 GB


FINAL CONFIGURATION
-------------------

Configured complex mode for 8.198 GB memory per batch, and up to 1 batch.

Start counting with THREADED method.
Used 2.153 GB out of 1007.700 GB to store      1048556 kmers.
Used 2.280 GB out of 1007.700 GB to store     39845128 kmers.
Used 2.408 GB out of 1007.700 GB to store     79690256 kmers.
Used 2.535 GB out of 1007.700 GB to store    119535384 kmers.
Used 2.662 GB out of 1007.700 GB to store    160429068 kmers.
Used 2.790 GB out of 1007.700 GB to store    201322752 kmers.
Used 2.916 GB out of 1007.700 GB to store    241167880 kmers.
Used 3.043 GB out of 1007.700 GB to store    286255769 kmers.
Used 3.170 GB out of 1007.700 GB to store    336586457 kmers.
Used 3.297 GB out of 1007.700 GB to store    386917145 kmers.
Used 3.424 GB out of 1007.700 GB to store    437247833 kmers.
Used 3.551 GB out of 1007.700 GB to store    487578521 kmers.
Used 3.678 GB out of 1007.700 GB to store    537909190 kmers.
Used 3.804 GB out of 1007.700 GB to store    587191322 kmers.
Used 3.929 GB out of 1007.700 GB to store    636473454 kmers.
Used 4.054 GB out of 1007.700 GB to store    685755586 kmers.
Used 4.181 GB out of 1007.700 GB to store    735037699 kmers.
Used 4.307 GB out of 1007.700 GB to store    784319831 kmers.
Used 4.432 GB out of 1007.700 GB to store    833601963 kmers.
Used 4.559 GB out of 1007.700 GB to store    882884095 kmers.
Used 4.685 GB out of 1007.700 GB to store    932166208 kmers.
Used 4.811 GB out of 1007.700 GB to store    981448340 kmers.
Used 4.936 GB out of 1007.700 GB to store   1030730472 kmers.
Used 5.062 GB out of 1007.700 GB to store   1080012585 kmers.
Used 5.189 GB out of 1007.700 GB to store   1129294717 kmers.
Used 5.315 GB out of 1007.700 GB to store   1178576849 kmers.
Used 5.441 GB out of 1007.700 GB to store   1227858981 kmers.
Used 5.567 GB out of 1007.700 GB to store   1277141094 kmers.
Used 5.693 GB out of 1007.700 GB to store   1326423226 kmers.
Used 5.819 GB out of 1007.700 GB to store   1375705358 kmers.
Used 5.945 GB out of 1007.700 GB to store   1424987471 kmers.
Used 6.071 GB out of 1007.700 GB to store   1474269603 kmers.
Used 6.196 GB out of 1007.700 GB to store   1523551735 kmers.
Used 6.323 GB out of 1007.700 GB to store   1572833848 kmers.
Used 6.449 GB out of 1007.700 GB to store   1622115980 kmers.
Used 6.576 GB out of 1007.700 GB to store   1671398112 kmers.
Used 6.702 GB out of 1007.700 GB to store   1720680225 kmers.
Used 6.828 GB out of 1007.700 GB to store   1769962357 kmers.
Used 6.953 GB out of 1007.700 GB to store   1819244489 kmers.
Used 7.079 GB out of 1007.700 GB to store   1868526602 kmers.
Used 7.205 GB out of 1007.700 GB to store   1917808734 kmers.
Used 7.332 GB out of 1007.700 GB to store   1967090866 kmers.
Used 7.459 GB out of 1007.700 GB to store   2017421535 kmers.
Used 7.586 GB out of 1007.700 GB to store   2066703667 kmers.
Used 7.713 GB out of 1007.700 GB to store   2115985780 kmers.
Used 7.839 GB out of 1007.700 GB to store   2165267912 kmers.
Used 7.965 GB out of 1007.700 GB to store   2214550025 kmers.
Used 8.091 GB out of 1007.700 GB to store   2263832157 kmers.
Used 8.217 GB out of 1007.700 GB to store   2313114289 kmers.
Used 8.344 GB out of 1007.700 GB to store   2362396402 kmers.
Used 8.470 GB out of 1007.700 GB to store   2411678534 kmers.
Used 8.597 GB out of 1007.700 GB to store   2460960647 kmers.
Used 8.722 GB out of 1007.700 GB to store   2510242779 kmers.
Used 8.848 GB out of 1007.700 GB to store   2559524892 kmers.
Used 8.974 GB out of 1007.700 GB to store   2608807005 kmers.
Used 9.101 GB out of 1007.700 GB to store   2658089137 kmers.
Used 9.227 GB out of 1007.700 GB to store   2707371250 kmers.
Used 9.354 GB out of 1007.700 GB to store   2756653363 kmers.
Used 9.480 GB out of 1007.700 GB to store   2805935476 kmers.
Used 9.607 GB out of 1007.700 GB to store   2855217589 kmers.
Used 9.732 GB out of 1007.700 GB to store   2904499702 kmers.
Used 9.858 GB out of 1007.700 GB to store   2953781834 kmers.
Used 9.983 GB out of 1007.700 GB to store   3003063966 kmers.
Used 10.110 GB out of 1007.700 GB to store   3052346098 kmers.
Used 10.236 GB out of 1007.700 GB to store   3101628211 kmers.

Writing results to 'ref.meryl.k19', using 255 threads.
finishIteration()--

Finished counting.

Cleaning up.

Bye.

Found 1 command tree.

PROCESSING TREE #1 using 1 thread.
  opGreaterThan
    threshold=186
    fraction-distinct=0.999800
    ref.meryl.k19
    print to (stdout)

Cleaning up.

Bye.
[M::mm_idx_gen::0.000*19.99] reading downweighted kmers
[M::mm_idx_gen::0.118*1.01] collected downweighted kmers, no. of kmers read=412894
[M::mm_idx_gen::0.118*1.01] saved the kmers in a bloom filter: hash functions=2 and size=5936448 
[M::mm_idx_gen::104.112*1.08] collected minimizers
[M::mm_idx_gen::105.870*1.29] sorted minimizers
[M::main::105.870*1.29] loaded/built the index for 25 target sequence(s)
[M::main::105.870*1.29] running winnowmap in SV-aware mode
[M::main::105.870*1.29] stage1-specific parameters minP:2000, incP:2.83, maxP:16000, sample:2000, min-qlen:10000, min-qcov:0.5, min-mapq:5, mid-occ:5000
[M::main::105.870*1.29] stage2-specific parameters s2_bw:2000, s2_zdropinv:25
[M::mm_idx_stat] kmer size: 19; skip: 50; is_hpc: 0; #seq: 25
[M::mm_idx_stat::106.509*1.28] distinct minimizers: 88100581 (91.40% are singletons); average occurrences: 1.425; average spacing: 24.836
[M::worker_pipeline::169.299*10.42] mapped 42 sequences
[M::main] Version: 2.03, pthreads=64, omp_threads=3
[M::main] CMD: winnowmap -t 64 -W ref.repetitive.k19.txt -x asm5 -o hifi_paf_linktochm13.paf /data/wenhuaming//data/chm13/T2Tassembly/chm13v2.0.merge.fa hifi_paf_link.fa
[M::main] Real time: 169.401 sec; CPU: 1764.399 sec; Peak RSS: 7.410 GB
Traceback (most recent call last):
  File "/data/yangjinbao/projects/TRFill/src/shores.py", line 30, in <module>
    with open(mat_fa) as file:
FileNotFoundError: [Errno 2] No such file or directory: '/data/wenhuaming//data/wenhuaming/data/HG002/assembly/HG002.mat.chr.fa'
